2228:C 31 Jul 2021 17:42:28.624 # oO0OoO0OoO0Oo Redis is starting oO0OoO0OoO0Oo
2228:C 31 Jul 2021 17:42:28.624 # Redis version=6.2.5, bits=64, commit=00000000, modified=0, pid=2228, just started
2228:C 31 Jul 2021 17:42:28.624 # Configuration loaded
2228:M 31 Jul 2021 17:42:28.625 * Increased maximum number of open files to 10032 (it was originally set to 256).
2228:M 31 Jul 2021 17:42:28.626 * monotonic clock: POSIX clock_gettime
2228:M 31 Jul 2021 17:42:28.626 * Running mode=standalone, port=6379.
2228:M 31 Jul 2021 17:42:28.626 # Server initialized
2228:M 31 Jul 2021 17:42:28.627 * Ready to accept connections
2228:M 31 Jul 2021 17:46:55.980 * Replica 127.0.0.1:6380 asks for synchronization
2228:M 31 Jul 2021 17:46:55.980 * Full resync requested by replica 127.0.0.1:6380
2228:M 31 Jul 2021 17:46:55.980 * Replication backlog created, my new replication IDs are '0d35cb082ef86488cfdb950d44bb3b3f8a34b572' and '0000000000000000000000000000000000000000'
2228:M 31 Jul 2021 17:46:55.981 * Starting BGSAVE for SYNC with target: disk
2228:M 31 Jul 2021 17:46:55.981 * Background saving started by pid 3070
3070:C 31 Jul 2021 17:46:55.981 * DB saved on disk
2228:M 31 Jul 2021 17:46:56.059 * Background saving terminated with success
2228:M 31 Jul 2021 17:46:56.060 * Synchronization with replica 127.0.0.1:6380 succeeded
2228:M 31 Jul 2021 17:47:01.286 * Replica 127.0.0.1:6381 asks for synchronization
2228:M 31 Jul 2021 17:47:01.286 * Full resync requested by replica 127.0.0.1:6381
2228:M 31 Jul 2021 17:47:01.287 * Starting BGSAVE for SYNC with target: disk
2228:M 31 Jul 2021 17:47:01.287 * Background saving started by pid 3103
3103:C 31 Jul 2021 17:47:01.288 * DB saved on disk
2228:M 31 Jul 2021 17:47:01.328 * Background saving terminated with success
2228:M 31 Jul 2021 17:47:01.328 * Synchronization with replica 127.0.0.1:6381 succeeded
2228:signal-handler (1627725570) Received SIGTERM scheduling shutdown...
2228:M 31 Jul 2021 17:59:30.918 # User requested shutdown...
2228:M 31 Jul 2021 17:59:30.919 * Saving the final RDB snapshot before exiting.
2228:M 31 Jul 2021 17:59:30.919 * DB saved on disk
2228:M 31 Jul 2021 17:59:30.920 * Removing the pid file.
2228:M 31 Jul 2021 17:59:30.920 # Redis is now ready to exit, bye bye...
17597:C 01 Aug 2021 16:09:57.439 # oO0OoO0OoO0Oo Redis is starting oO0OoO0OoO0Oo
17597:C 01 Aug 2021 16:09:57.439 # Redis version=6.2.5, bits=64, commit=00000000, modified=0, pid=17597, just started
17597:C 01 Aug 2021 16:09:57.439 # Configuration loaded
17597:M 01 Aug 2021 16:09:57.440 * Increased maximum number of open files to 10032 (it was originally set to 256).
17597:M 01 Aug 2021 16:09:57.441 * monotonic clock: POSIX clock_gettime
17597:M 01 Aug 2021 16:09:57.446 * Running mode=standalone, port=6379.
17597:M 01 Aug 2021 16:09:57.446 # Server initialized
17597:M 01 Aug 2021 16:09:57.447 * Loading RDB produced by version 6.2.5
17597:M 01 Aug 2021 16:09:57.447 * RDB age 79827 seconds
17597:M 01 Aug 2021 16:09:57.447 * RDB memory usage when created 2.16 Mb
17597:M 01 Aug 2021 16:09:57.447 * DB loaded from disk: 0.001 seconds
17597:M 01 Aug 2021 16:09:57.447 * Ready to accept connections
17597:M 01 Aug 2021 16:45:07.654 * 100 changes in 300 seconds. Saving...
17597:M 01 Aug 2021 16:45:07.655 * Background saving started by pid 20621
20621:C 01 Aug 2021 16:45:07.658 * DB saved on disk
17597:M 01 Aug 2021 16:45:07.756 * Background saving terminated with success
17597:M 01 Aug 2021 16:50:08.023 * 100 changes in 300 seconds. Saving...
17597:M 01 Aug 2021 16:50:08.024 * Background saving started by pid 21044
21044:C 01 Aug 2021 16:50:08.032 * DB saved on disk
17597:M 01 Aug 2021 16:50:08.128 * Background saving terminated with success
17597:signal-handler (1627815423) Received SIGTERM scheduling shutdown...
17597:M 01 Aug 2021 18:57:03.227 # User requested shutdown...
17597:M 01 Aug 2021 18:57:03.228 * Saving the final RDB snapshot before exiting.
17597:M 01 Aug 2021 18:57:03.236 * DB saved on disk
17597:M 01 Aug 2021 18:57:03.236 * Removing the pid file.
17597:M 01 Aug 2021 18:57:03.236 # Redis is now ready to exit, bye bye...
